Traceback (most recent call last):
  File "./scripts/block_runs/A_run.py", line 11, in <module>
    from msslib.prepare import *
ImportError: No module named 'msslib'
Traceback (most recent call last):
  File "./scripts/new_yin.py", line 51, in <module>
    compile_samples()
  File "/usr/lib/python3.5/site-packages/click/core.py", line 716, in __call__
    return self.main(*args, **kwargs)
  File "/usr/lib/python3.5/site-packages/click/core.py", line 696, in main
    rv = self.invoke(ctx)
  File "/usr/lib/python3.5/site-packages/click/core.py", line 889, in invoke
    return ctx.invoke(self.callback, **ctx.params)
  File "/usr/lib/python3.5/site-packages/click/core.py", line 534, in invoke
    return callback(*args, **kwargs)
  File "./scripts/new_yin.py", line 41, in compile_samples
    sampler = init_sampler()
  File "./scripts/new_yin.py", line 12, in init_sampler
    img, label, f_img = prepare_page_accessors(win_size, page_size, page_paths)
NameError: name 'win_size' is not defined
